<?xml version="1.0" encoding="UTF-8"?>
<testng-results ignored="0" total="1" passed="1" failed="0" skipped="0">
  <reporter-output>
  </reporter-output>
  <suite started-at="2024-07-03T17:20:20 BDT" name="Suite" finished-at="2024-07-03T17:21:26 BDT" duration-ms="65283">
    <groups>
    </groups>
    <test started-at="2024-07-03T17:20:20 BDT" name="Test" finished-at="2024-07-03T17:21:26 BDT" duration-ms="65283">
      <class name="com.learnit360.testcases.PaymentGatewayTest">
        <test-method is-config="true" signature="setUp()[pri:0, instance:com.learnit360.testcases.PaymentGatewayTest@46cdf8bd]" started-at="2024-07-03T17:20:21 BDT" name="setUp" finished-at="2024-07-03T17:20:50 BDT" duration-ms="28546" status="PASS">
          <reporter-output>
          </reporter-output>
        </test-method> <!-- setUp -->
        <test-method signature="paymentcheckingTest()[pri:0, instance:com.learnit360.testcases.PaymentGatewayTest@46cdf8bd]" started-at="2024-07-03T17:20:50 BDT" name="paymentcheckingTest" finished-at="2024-07-03T17:21:24 BDT" duration-ms="34018" status="PASS">
          <reporter-output>
          </reporter-output>
        </test-method> <!-- paymentcheckingTest -->
        <test-method is-config="true" signature="tearDown()[pri:0, instance:com.learnit360.testcases.PaymentGatewayTest@46cdf8bd]" started-at="2024-07-03T17:21:25 BDT" name="tearDown" finished-at="2024-07-03T17:21:26 BDT" duration-ms="1094" status="PASS">
          <reporter-output>
          </reporter-output>
        </test-method> <!-- tearDown -->
      </class> <!-- com.learnit360.testcases.PaymentGatewayTest -->
    </test> <!-- Test -->
  </suite> <!-- Suite -->
</testng-results>
