<?xml version="1.0" encoding="UTF-8"?>
<testng-results ignored="0" total="1" passed="1" failed="0" skipped="0">
  <reporter-output>
  </reporter-output>
  <suite started-at="2024-07-03T00:36:28 BDT" name="Suite" finished-at="2024-07-03T00:37:58 BDT" duration-ms="90819">
    <groups>
    </groups>
    <test started-at="2024-07-03T00:36:28 BDT" name="Test" finished-at="2024-07-03T00:37:58 BDT" duration-ms="90819">
      <class name="com.learnit360.testcases.PaymentGatewayTest">
        <test-method is-config="true" signature="setUp()[pri:0, instance:com.learnit360.testcases.PaymentGatewayTest@48075da3]" started-at="2024-07-03T00:36:28 BDT" name="setUp" finished-at="2024-07-03T00:36:51 BDT" duration-ms="23017" status="PASS">
          <reporter-output>
          </reporter-output>
        </test-method> <!-- setUp -->
        <test-method signature="paymentcheckingTest()[pri:0, instance:com.learnit360.testcases.PaymentGatewayTest@48075da3]" started-at="2024-07-03T00:36:51 BDT" name="paymentcheckingTest" finished-at="2024-07-03T00:37:57 BDT" duration-ms="65675" status="PASS">
          <reporter-output>
          </reporter-output>
        </test-method> <!-- paymentcheckingTest -->
        <test-method is-config="true" signature="tearDown()[pri:0, instance:com.learnit360.testcases.PaymentGatewayTest@48075da3]" started-at="2024-07-03T00:37:57 BDT" name="tearDown" finished-at="2024-07-03T00:37:58 BDT" duration-ms="1365" status="PASS">
          <reporter-output>
          </reporter-output>
        </test-method> <!-- tearDown -->
      </class> <!-- com.learnit360.testcases.PaymentGatewayTest -->
    </test> <!-- Test -->
  </suite> <!-- Suite -->
</testng-results>
